<?xml version="1.0" encoding="UTF-8"?>
<!-- Generated by org.testng.reporters.JUnitReportReporter -->
<testsuite hostname="DESKTOP-RUFELGS" failures="0" tests="2" name="com.app.testcases.LoginPageTest" time="30.537" errors="0" timestamp="2020-02-26T11:12:41 EST" skipped="0">
  <testcase classname="com.app.testcases.LoginPageTest" name="verify_loginpageTitle" time="14.738"/>
  <testcase classname="com.app.testcases.LoginPageTest" name="verify_loginFunction" time="15.799"/>
</testsuite> <!-- com.app.testcases.LoginPageTest -->
